* Missing Cell Power-Grid Views

Cell Name
------------------------------------------------------------------


* Physically Disconnected Instances



* Instances with Floating Power Pins


* Disconnected Wire Segments

Layer           | Internal to Cell | Location (um)
------------------------------------------------------------------
ME6_C           | no               |(1829.36, 1464.08)
ME6_C           | no               |(1829.36, 1426.14)
ME5_C           | no               |(1829.36, 1464.08)
ME5_C           | no               |(1829.36, 1426.14)
ME4_C           | no               |(1829.36, 1464.08)
ME4_C           | no               |(1829.36, 1426.14)
ME3_C           | no               |(1829.36, 1464.08)
ME3_C           | no               |(1829.36, 1426.14)
ME2_C           | no               |(1829.36, 1464.08)
ME2_C           | no               |(1829.36, 1426.14)
ME1_C           | no               |(1829.36, 1464.08)
ME1_C           | no               |(1829.36, 1426.14)
ME6_C           | no               |(1829.36, 247.023)
ME6_C           | no               |(1829.36, 209.076)
ME5_C           | no               |(1829.36, 247.023)
ME5_C           | no               |(1829.36, 209.076)
ME4_C           | no               |(1829.36, 247.023)
ME4_C           | no               |(1829.36, 209.076)
ME3_C           | no               |(1829.36, 247.023)
ME3_C           | no               |(1829.36, 209.076)
ME2_C           | no               |(1829.36, 247.023)
ME2_C           | no               |(1829.36, 209.076)
ME1_C           | no               |(1829.36, 247.023)
ME1_C           | no               |(1829.36, 209.076)
ME6_C           | no               |(1553.78, 1.5)
ME6_C           | no               |(1515.84, 1.5)
ME5_C           | no               |(1553.78, 1.5)
ME5_C           | no               |(1515.84, 1.5)
ME4_C           | no               |(1553.78, 1.5)
ME4_C           | no               |(1515.84, 1.5)
ME3_C           | no               |(1553.78, 1.5)
ME3_C           | no               |(1515.84, 1.5)
ME2_C           | no               |(1553.78, 1.5)
ME2_C           | no               |(1515.84, 1.5)
ME1_C           | no               |(1553.78, 1.5)
ME1_C           | no               |(1515.84, 1.5)
ME6_C           | no               |(336.723, 1.5)
ME6_C           | no               |(298.776, 1.5)
ME5_C           | no               |(336.723, 1.5)
ME5_C           | no               |(298.776, 1.5)
ME4_C           | no               |(336.723, 1.5)
ME4_C           | no               |(298.776, 1.5)
ME3_C           | no               |(336.723, 1.5)
ME3_C           | no               |(298.776, 1.5)
ME2_C           | no               |(336.723, 1.5)
ME2_C           | no               |(298.776, 1.5)
ME1_C           | no               |(336.723, 1.5)
ME1_C           | no               |(298.776, 1.5)
ME6_C           | no               |(1.5, 1426.14)
ME6_C           | no               |(1.5, 1464.08)
ME5_C           | no               |(1.5, 1426.14)
ME5_C           | no               |(1.5, 1464.08)
ME4_C           | no               |(1.5, 1426.14)
ME4_C           | no               |(1.5, 1464.08)
ME3_C           | no               |(1.5, 1426.14)
ME3_C           | no               |(1.5, 1464.08)
ME2_C           | no               |(1.5, 1426.14)
ME2_C           | no               |(1.5, 1464.08)
ME1_C           | no               |(1.5, 1426.14)
ME1_C           | no               |(1.5, 1464.08)
ME6_C           | no               |(1.5, 489.937)
ME6_C           | no               |(1.5, 527.884)
ME5_C           | no               |(1.5, 489.937)
ME5_C           | no               |(1.5, 527.884)
ME4_C           | no               |(1.5, 489.937)
ME4_C           | no               |(1.5, 527.884)
ME3_C           | no               |(1.5, 489.937)
ME3_C           | no               |(1.5, 527.884)
ME2_C           | no               |(1.5, 489.937)
ME2_C           | no               |(1.5, 527.884)
ME1_C           | no               |(1.5, 489.937)
ME1_C           | no               |(1.5, 527.884)
ME6_C           | no               |(1515.84, 1739.66)
ME6_C           | no               |(1553.78, 1739.66)
ME5_C           | no               |(1515.84, 1739.66)
ME5_C           | no               |(1553.78, 1739.66)
ME4_C           | no               |(1515.84, 1739.66)
ME4_C           | no               |(1553.78, 1739.66)
ME3_C           | no               |(1515.84, 1739.66)
ME3_C           | no               |(1553.78, 1739.66)
ME2_C           | no               |(1515.84, 1739.66)
ME2_C           | no               |(1553.78, 1739.66)
ME1_C           | no               |(1515.84, 1739.66)
ME1_C           | no               |(1553.78, 1739.66)
ME6_C           | no               |(392.397, 1739.66)
ME6_C           | no               |(430.344, 1739.66)
ME5_C           | no               |(392.397, 1739.66)
ME5_C           | no               |(430.344, 1739.66)
ME4_C           | no               |(392.397, 1739.66)
ME4_C           | no               |(430.344, 1739.66)
ME3_C           | no               |(392.397, 1739.66)
ME3_C           | no               |(430.344, 1739.66)
ME2_C           | no               |(392.397, 1739.66)
ME2_C           | no               |(430.344, 1739.66)
ME1_C           | no               |(392.397, 1739.66)
ME1_C           | no               |(430.344, 1739.66)


* Weakly Connected Metal Segments

Layer      | Location (um)
------------------------------------------------------------------
ME3_C      | (1515.17, 1500.41)
ME3_C      | (1682.28, 907.08)
ME3_C      | (1682.28, 1007.08)
ME3_C      | (1682.28, 1107.08)
ME3_C      | (1682.28, 1207.08)
ME3_C      | (1682.28, 1307.08)
ME3_C      | (1682.28, 1407.08)
ME3_C      | (406.84, 1500.8)
ME3_C      | (1515.17, 240.97)
ME3_C      | (1682.28, 299.88)
ME3_C      | (1682.28, 321.44)
ME3_C      | (1682.28, 341.6)
ME3_C      | (1682.28, 307.08)
ME3_C      | (1682.28, 407.08)
ME3_C      | (1682.28, 507.08)
ME3_C      | (237.77, 607.08)
ME3_C      | (1682.28, 707.08)
ME3_C      | (1682.28, 807.08)
ME3_C      | (237.45, 573.44)
ME3_C      | (237.45, 583.52)
ME3_C      | (237.45, 593.6)
ME3_C      | (237.45, 613.76)
ME3_C      | (237.45, 623.84)
ME3_C      | (317.75, 240.97)
ME4_C      | (506.84, 1592.68)
ME4_C      | (406.84, 240.97)
ME1_C      | (430.344, 1739.66)
ME1_C      | (392.397, 1739.66)
ME2_C      | (430.344, 1739.66)
ME2_C      | (392.397, 1739.66)
ME3_C      | (430.344, 1739.66)
ME3_C      | (392.397, 1739.66)
ME4_C      | (430.344, 1739.66)
ME4_C      | (392.397, 1739.66)
ME5_C      | (430.344, 1739.66)
ME5_C      | (392.397, 1739.66)
ME1_C      | (1553.78, 1739.66)
ME1_C      | (1515.84, 1739.66)
ME2_C      | (1553.78, 1739.66)
ME2_C      | (1515.84, 1739.66)
ME3_C      | (1553.78, 1739.66)
ME3_C      | (1515.84, 1739.66)
ME4_C      | (1553.78, 1739.66)
ME4_C      | (1515.84, 1739.66)
ME5_C      | (1553.78, 1739.66)
ME5_C      | (1515.84, 1739.66)
ME1_C      | (1.5, 527.884)
ME1_C      | (1.5, 489.937)
ME2_C      | (1.5, 527.884)
ME2_C      | (1.5, 489.937)
ME3_C      | (1.5, 527.884)
ME3_C      | (1.5, 489.937)
ME4_C      | (1.5, 527.884)
ME4_C      | (1.5, 489.937)
ME5_C      | (1.5, 527.884)
ME5_C      | (1.5, 489.937)
ME1_C      | (1.5, 1464.08)
ME1_C      | (1.5, 1426.14)
ME2_C      | (1.5, 1464.08)
ME2_C      | (1.5, 1426.14)
ME3_C      | (1.5, 1464.08)
ME3_C      | (1.5, 1426.14)
ME4_C      | (1.5, 1464.08)
ME4_C      | (1.5, 1426.14)
ME5_C      | (1.5, 1464.08)
ME5_C      | (1.5, 1426.14)
ME1_C      | (298.776, 1.5)
ME1_C      | (336.723, 1.5)
ME2_C      | (298.776, 1.5)
ME2_C      | (336.723, 1.5)
ME3_C      | (298.776, 1.5)
ME3_C      | (336.723, 1.5)
ME4_C      | (298.776, 1.5)
ME4_C      | (336.723, 1.5)
ME5_C      | (298.776, 1.5)
ME5_C      | (336.723, 1.5)
ME1_C      | (1515.84, 1.5)
ME1_C      | (1553.78, 1.5)
ME2_C      | (1515.84, 1.5)
ME2_C      | (1553.78, 1.5)
ME3_C      | (1515.84, 1.5)
ME3_C      | (1553.78, 1.5)
ME4_C      | (1515.84, 1.5)
ME4_C      | (1553.78, 1.5)
ME5_C      | (1515.84, 1.5)
ME5_C      | (1553.78, 1.5)
ME1_C      | (1829.36, 209.076)
ME1_C      | (1829.36, 247.023)
ME2_C      | (1829.36, 209.076)
ME2_C      | (1829.36, 247.023)
ME3_C      | (1829.36, 209.076)
ME3_C      | (1829.36, 247.023)
ME4_C      | (1829.36, 209.076)
ME4_C      | (1829.36, 247.023)
ME5_C      | (1829.36, 209.076)
ME5_C      | (1829.36, 247.023)
ME1_C      | (1829.36, 1426.14)
ME1_C      | (1829.36, 1464.08)
ME2_C      | (1829.36, 1426.14)
ME2_C      | (1829.36, 1464.08)
ME3_C      | (1829.36, 1426.14)
ME3_C      | (1829.36, 1464.08)
ME4_C      | (1829.36, 1426.14)
ME4_C      | (1829.36, 1464.08)
ME5_C      | (1829.36, 1426.14)
ME5_C      | (1829.36, 1464.08)

Found 106 weakly connected metal segments



* Dropped Voltage Sources

