Voltage source current:
      Range  Source       Source        Location    Layer
      Index  Current      Name          (um)
      -----  --------     -------------------------------
         1   -2.7285e-04A   VCCvsrc12   1692.11, 1425.47  ME1_C
         2   -2.3637e-04A   VCCvsrc120   138.75, 1425.47  ME1_C
         3   -1.7117e-04A   VCCvsrc18   1692.11, 1445.11  ME1_C
         4   -1.5519e-04A   VCCvsrc114   138.75, 1445.11  ME1_C
         4   -1.4770e-04A   VCCvsrc24   1692.11, 1464.75  ME1_C
         4   -1.4351e-04A   VCCvsrc108   138.75, 1464.75  ME1_C
         6   -9.0328e-05A   VCCvsrc36   1692.11, 208.41  ME1_C
         6   -1.0230e-04A   VCCvsrc42   1692.11, 228.05  ME1_C
         4   -1.5301e-04A   VCCvsrc144   138.75, 489.27  ME1_C
         4   -1.6855e-04A   VCCvsrc138   138.75, 508.91  ME1_C
         2   -2.2828e-04A   VCCvsrc132   138.75, 528.55  ME1_C
         4   -1.5741e-04A   VCCvsrc48   1692.11, 247.69  ME1_C
         3   -1.7406e-04A   VCCvsrc167   1515.17, 1602.41  ME2_C
         5   -1.1993e-04A   VCCvsrc161   1534.81, 1602.41  ME2_C
         5   -1.1378e-04A   VCCvsrc155   1554.45, 1602.41  ME2_C
         4   -1.5488e-04A   VCCvsrc191   391.73, 1602.41  ME2_C
         1   -2.4503e-04A   VCCvsrc179   431.01, 1602.41  ME2_C
         5   -1.1038e-04A   VCCvsrc59   1515.17, 138.75  ME2_C
         6   -7.7072e-05A   VCCvsrc65   1534.81, 138.75  ME2_C
         6   -7.2409e-05A   VCCvsrc71   1554.45, 138.75  ME2_C
         3   -1.7180e-04A   VCCvsrc185   411.37, 1602.41  ME2_C
         6   -8.0802e-05A   VCCvsrc83   298.11, 138.75  ME2_C
         6   -7.9936e-05A   VCCvsrc89   317.75, 138.75  ME2_C
         5   -1.1071e-04A   VCCvsrc95   337.39, 138.75  ME2_C
         8   -0.0000e+00A   VCCvsrc192   391.73, 1603.54  ME1_C
         8   -0.0000e+00A   VCCvsrc186   411.37, 1603.54  ME1_C
         8   -0.0000e+00A   VCCvsrc180   431.01, 1603.54  ME1_C
         8   -0.0000e+00A   VCCvsrc174   411.37, 1739.66  ME1_C
         8   -0.0000e+00A   VCCvsrc173   411.37, 1739.66  ME2_C
         8   -0.0000e+00A   VCCvsrc190   391.73, 1603.54  ME3_C
         8   -0.0000e+00A   VCCvsrc184   411.37, 1603.54  ME3_C
         8   -0.0000e+00A   VCCvsrc178   431.01, 1603.54  ME3_C
         8   -0.0000e+00A   VCCvsrc172   411.37, 1739.66  ME3_C
         8   -0.0000e+00A   VCCvsrc189   391.73, 1603.54  ME4_C
         8   -0.0000e+00A   VCCvsrc183   411.37, 1603.54  ME4_C
         8   -0.0000e+00A   VCCvsrc177   431.01, 1603.54  ME4_C
         8   -0.0000e+00A   VCCvsrc171   411.37, 1739.66  ME4_C
         8   -0.0000e+00A   VCCvsrc188   391.73, 1603.54  ME5_C
         8   -0.0000e+00A   VCCvsrc182   411.37, 1603.54  ME5_C
         8   -0.0000e+00A   VCCvsrc176   431.01, 1603.54  ME5_C
         8   -0.0000e+00A   VCCvsrc170   411.37, 1739.66  ME5_C
         8   -0.0000e+00A   VCCvsrc187   391.73, 1603.54  ME6_C
         8   -0.0000e+00A   VCCvsrc181   411.37, 1603.54  ME6_C
         8   -0.0000e+00A   VCCvsrc175   431.01, 1603.54  ME6_C
         8   -0.0000e+00A   VCCvsrc169   411.37, 1739.66  ME6_C
         8   -0.0000e+00A   VCCvsrc168   1515.17, 1603.54  ME1_C
         8   -0.0000e+00A   VCCvsrc162   1534.81, 1603.54  ME1_C
         8   -0.0000e+00A   VCCvsrc156   1554.45, 1603.54  ME1_C
         8   -0.0000e+00A   VCCvsrc150   1534.81, 1739.66  ME1_C
         8   -0.0000e+00A   VCCvsrc149   1534.81, 1739.66  ME2_C
         8   -0.0000e+00A   VCCvsrc166   1515.17, 1603.54  ME3_C
         8   -0.0000e+00A   VCCvsrc160   1534.81, 1603.54  ME3_C
         8   -0.0000e+00A   VCCvsrc154   1554.45, 1603.54  ME3_C
         8   -0.0000e+00A   VCCvsrc148   1534.81, 1739.66  ME3_C
         8   -0.0000e+00A   VCCvsrc165   1515.17, 1603.54  ME4_C
         8   -0.0000e+00A   VCCvsrc159   1534.81, 1603.54  ME4_C
         8   -0.0000e+00A   VCCvsrc153   1554.45, 1603.54  ME4_C
         8   -0.0000e+00A   VCCvsrc147   1534.81, 1739.66  ME4_C
         8   -0.0000e+00A   VCCvsrc164   1515.17, 1603.54  ME5_C
         8   -0.0000e+00A   VCCvsrc158   1534.81, 1603.54  ME5_C
         8   -0.0000e+00A   VCCvsrc152   1554.45, 1603.54  ME5_C
         8   -0.0000e+00A   VCCvsrc146   1534.81, 1739.66  ME5_C
         8   -0.0000e+00A   VCCvsrc163   1515.17, 1603.54  ME6_C
         8   -0.0000e+00A   VCCvsrc157   1534.81, 1603.54  ME6_C
         8   -0.0000e+00A   VCCvsrc151   1554.45, 1603.54  ME6_C
         8   -0.0000e+00A   VCCvsrc145   1534.81, 1739.66  ME6_C
         8   -0.0000e+00A   VCCvsrc126   1.50, 508.91  ME1_C
         8   -0.0000e+00A   VCCvsrc143   137.62, 489.27  ME2_C
         8   -0.0000e+00A   VCCvsrc137   137.62, 508.91  ME2_C
         8   -0.0000e+00A   VCCvsrc131   137.62, 528.55  ME2_C
         8   -0.0000e+00A   VCCvsrc125   1.50, 508.91  ME2_C
         8   -0.0000e+00A   VCCvsrc142   137.62, 489.27  ME3_C
         8   -0.0000e+00A   VCCvsrc136   137.62, 508.91  ME3_C
         8   -0.0000e+00A   VCCvsrc130   137.62, 528.55  ME3_C
         8   -0.0000e+00A   VCCvsrc124   1.50, 508.91  ME3_C
         8   -0.0000e+00A   VCCvsrc141   137.62, 489.27  ME4_C
         8   -0.0000e+00A   VCCvsrc135   137.62, 508.91  ME4_C
         8   -0.0000e+00A   VCCvsrc129   137.62, 528.55  ME4_C
         8   -0.0000e+00A   VCCvsrc123   1.50, 508.91  ME4_C
         8   -0.0000e+00A   VCCvsrc140   137.62, 489.27  ME5_C
         8   -0.0000e+00A   VCCvsrc134   137.62, 508.91  ME5_C
         8   -0.0000e+00A   VCCvsrc128   137.62, 528.55  ME5_C
         8   -0.0000e+00A   VCCvsrc122   1.50, 508.91  ME5_C
         8   -0.0000e+00A   VCCvsrc139   137.62, 489.27  ME6_C
         8   -0.0000e+00A   VCCvsrc133   137.62, 508.91  ME6_C
         8   -0.0000e+00A   VCCvsrc127   137.62, 528.55  ME6_C
         8   -0.0000e+00A   VCCvsrc121   1.50, 508.91  ME6_C
         8   -0.0000e+00A   VCCvsrc102   1.50, 1445.11  ME1_C
         8   -0.0000e+00A   VCCvsrc119   137.62, 1425.47  ME2_C
         8   -0.0000e+00A   VCCvsrc113   137.62, 1445.11  ME2_C
         8   -0.0000e+00A   VCCvsrc107   137.62, 1464.75  ME2_C
         8   -0.0000e+00A   VCCvsrc101   1.50, 1445.11  ME2_C
         8   -0.0000e+00A   VCCvsrc118   137.62, 1425.47  ME3_C
         8   -0.0000e+00A   VCCvsrc112   137.62, 1445.11  ME3_C
         8   -0.0000e+00A   VCCvsrc106   137.62, 1464.75  ME3_C
         8   -0.0000e+00A   VCCvsrc100   1.50, 1445.11  ME3_C
         8   -0.0000e+00A   VCCvsrc117   137.62, 1425.47  ME4_C
         8   -0.0000e+00A   VCCvsrc111   137.62, 1445.11  ME4_C
         8   -0.0000e+00A   VCCvsrc105   137.62, 1464.75  ME4_C
         8   -0.0000e+00A   VCCvsrc99   1.50, 1445.11  ME4_C
         8   -0.0000e+00A   VCCvsrc116   137.62, 1425.47  ME5_C
         8   -0.0000e+00A   VCCvsrc110   137.62, 1445.11  ME5_C
         8   -0.0000e+00A   VCCvsrc104   137.62, 1464.75  ME5_C
         8   -0.0000e+00A   VCCvsrc98   1.50, 1445.11  ME5_C
         8   -0.0000e+00A   VCCvsrc115   137.62, 1425.47  ME6_C
         8   -0.0000e+00A   VCCvsrc109   137.62, 1445.11  ME6_C
         8   -0.0000e+00A   VCCvsrc103   137.62, 1464.75  ME6_C
         8   -0.0000e+00A   VCCvsrc97   1.50, 1445.11  ME6_C
         8   -0.0000e+00A   VCCvsrc96   337.39, 137.62  ME1_C
         8   -0.0000e+00A   VCCvsrc90   317.75, 137.62  ME1_C
         8   -0.0000e+00A   VCCvsrc84   298.11, 137.62  ME1_C
         8   -0.0000e+00A   VCCvsrc78   317.75, 1.50  ME1_C
         8   -0.0000e+00A   VCCvsrc77   317.75, 1.50  ME2_C
         8   -0.0000e+00A   VCCvsrc94   337.39, 137.62  ME3_C
         8   -0.0000e+00A   VCCvsrc88   317.75, 137.62  ME3_C
         8   -0.0000e+00A   VCCvsrc82   298.11, 137.62  ME3_C
         8   -0.0000e+00A   VCCvsrc76   317.75, 1.50  ME3_C
         8   -0.0000e+00A   VCCvsrc93   337.39, 137.62  ME4_C
         8   -0.0000e+00A   VCCvsrc87   317.75, 137.62  ME4_C
         8   -0.0000e+00A   VCCvsrc81   298.11, 137.62  ME4_C
         8   -0.0000e+00A   VCCvsrc75   317.75, 1.50  ME4_C
         8   -0.0000e+00A   VCCvsrc92   337.39, 137.62  ME5_C
         8   -0.0000e+00A   VCCvsrc86   317.75, 137.62  ME5_C
         8   -0.0000e+00A   VCCvsrc80   298.11, 137.62  ME5_C
         8   -0.0000e+00A   VCCvsrc74   317.75, 1.50  ME5_C
         8   -0.0000e+00A   VCCvsrc91   337.39, 137.62  ME6_C
         8   -0.0000e+00A   VCCvsrc85   317.75, 137.62  ME6_C
         8   -0.0000e+00A   VCCvsrc79   298.11, 137.62  ME6_C
         8   -0.0000e+00A   VCCvsrc73   317.75, 1.50  ME6_C
         8   -0.0000e+00A   VCCvsrc72   1554.45, 137.62  ME1_C
         8   -0.0000e+00A   VCCvsrc66   1534.81, 137.62  ME1_C
         8   -0.0000e+00A   VCCvsrc60   1515.17, 137.62  ME1_C
         8   -0.0000e+00A   VCCvsrc54   1534.81, 1.50  ME1_C
         8   -0.0000e+00A   VCCvsrc53   1534.81, 1.50  ME2_C
         8   -0.0000e+00A   VCCvsrc70   1554.45, 137.62  ME3_C
         8   -0.0000e+00A   VCCvsrc64   1534.81, 137.62  ME3_C
         8   -0.0000e+00A   VCCvsrc58   1515.17, 137.62  ME3_C
         8   -0.0000e+00A   VCCvsrc52   1534.81, 1.50  ME3_C
         8   -0.0000e+00A   VCCvsrc69   1554.45, 137.62  ME4_C
         8   -0.0000e+00A   VCCvsrc63   1534.81, 137.62  ME4_C
         8   -0.0000e+00A   VCCvsrc57   1515.17, 137.62  ME4_C
         8   -0.0000e+00A   VCCvsrc51   1534.81, 1.50  ME4_C
         8   -0.0000e+00A   VCCvsrc68   1554.45, 137.62  ME5_C
         8   -0.0000e+00A   VCCvsrc62   1534.81, 137.62  ME5_C
         8   -0.0000e+00A   VCCvsrc56   1515.17, 137.62  ME5_C
         8   -0.0000e+00A   VCCvsrc50   1534.81, 1.50  ME5_C
         8   -0.0000e+00A   VCCvsrc67   1554.45, 137.62  ME6_C
         8   -0.0000e+00A   VCCvsrc61   1534.81, 137.62  ME6_C
         8   -0.0000e+00A   VCCvsrc55   1515.17, 137.62  ME6_C
         8   -0.0000e+00A   VCCvsrc49   1534.81, 1.50  ME6_C
         8   -0.0000e+00A   VCCvsrc30   1829.36, 228.05  ME1_C
         8   -0.0000e+00A   VCCvsrc47   1693.24, 247.69  ME2_C
         8   -0.0000e+00A   VCCvsrc41   1693.24, 228.05  ME2_C
         8   -0.0000e+00A   VCCvsrc35   1693.24, 208.41  ME2_C
         8   -0.0000e+00A   VCCvsrc29   1829.36, 228.05  ME2_C
         8   -0.0000e+00A   VCCvsrc46   1693.24, 247.69  ME3_C
         8   -0.0000e+00A   VCCvsrc40   1693.24, 228.05  ME3_C
         8   -0.0000e+00A   VCCvsrc34   1693.24, 208.41  ME3_C
         8   -0.0000e+00A   VCCvsrc28   1829.36, 228.05  ME3_C
         8   -0.0000e+00A   VCCvsrc45   1693.24, 247.69  ME4_C
         8   -0.0000e+00A   VCCvsrc39   1693.24, 228.05  ME4_C
         8   -0.0000e+00A   VCCvsrc33   1693.24, 208.41  ME4_C
         8   -0.0000e+00A   VCCvsrc27   1829.36, 228.05  ME4_C
         8   -0.0000e+00A   VCCvsrc44   1693.24, 247.69  ME5_C
         8   -0.0000e+00A   VCCvsrc38   1693.24, 228.05  ME5_C
         8   -0.0000e+00A   VCCvsrc32   1693.24, 208.41  ME5_C
         8   -0.0000e+00A   VCCvsrc26   1829.36, 228.05  ME5_C
         8   -0.0000e+00A   VCCvsrc43   1693.24, 247.69  ME6_C
         8   -0.0000e+00A   VCCvsrc37   1693.24, 228.05  ME6_C
         8   -0.0000e+00A   VCCvsrc31   1693.24, 208.41  ME6_C
         8   -0.0000e+00A   VCCvsrc25   1829.36, 228.05  ME6_C
         8   -0.0000e+00A   VCCvsrc6   1829.36, 1445.11  ME1_C
         8   -0.0000e+00A   VCCvsrc23   1693.24, 1464.75  ME2_C
         8   -0.0000e+00A   VCCvsrc17   1693.24, 1445.11  ME2_C
         8   -0.0000e+00A   VCCvsrc11   1693.24, 1425.47  ME2_C
         8   -0.0000e+00A   VCCvsrc5   1829.36, 1445.11  ME2_C
         8   -0.0000e+00A   VCCvsrc22   1693.24, 1464.75  ME3_C
         8   -0.0000e+00A   VCCvsrc16   1693.24, 1445.11  ME3_C
         8   -0.0000e+00A   VCCvsrc10   1693.24, 1425.47  ME3_C
         8   -0.0000e+00A   VCCvsrc4   1829.36, 1445.11  ME3_C
         8   -0.0000e+00A   VCCvsrc21   1693.24, 1464.75  ME4_C
         8   -0.0000e+00A   VCCvsrc15   1693.24, 1445.11  ME4_C
         8   -0.0000e+00A   VCCvsrc9   1693.24, 1425.47  ME4_C
         8   -0.0000e+00A   VCCvsrc3   1829.36, 1445.11  ME4_C
         8   -0.0000e+00A   VCCvsrc20   1693.24, 1464.75  ME5_C
         8   -0.0000e+00A   VCCvsrc14   1693.24, 1445.11  ME5_C
         8   -0.0000e+00A   VCCvsrc8   1693.24, 1425.47  ME5_C
         8   -0.0000e+00A   VCCvsrc2   1829.36, 1445.11  ME5_C
         8   -0.0000e+00A   VCCvsrc19   1693.24, 1464.75  ME6_C
         8   -0.0000e+00A   VCCvsrc13   1693.24, 1445.11  ME6_C
         8   -0.0000e+00A   VCCvsrc7   1693.24, 1425.47  ME6_C
         8   -0.0000e+00A   VCCvsrc1   1829.36, 1445.11  ME6_C
*
* Data filtering results for voltage source current:
  Minimum, Average, Maximum Voltage Source Current: -0.273mA, -18.424uA, 0.000A
  Total Current: -3.537mA
    Range 1(  -0.273mA  -    -0.239mA ):         2 (  1.04%)
    Range 2(  -0.239mA  -    -0.205mA ):         2 (  1.04%)
    Range 3(  -0.205mA  -    -0.171mA ):         3 (  1.56%)
    Range 4(  -0.171mA  -    -0.136mA ):         7 (  3.65%)
    Range 5(  -0.136mA  -    -0.102mA ):         4 (  2.08%)
    Range 6(  -0.102mA  -   -68.212uA ):         6 (  3.12%)
    Range 7( -68.212uA  -   -34.106uA ):         0 (  0.00%)
    Range 8( -34.106uA  -      0.000A ):       168 ( 87.50%)
