* Missing Cell Power-Grid Views

Cell Name
------------------------------------------------------------------


* Physically Disconnected Instances



* Instances with Floating Power Pins


* Disconnected Wire Segments

Layer           | Internal to Cell | Location (um)
------------------------------------------------------------------
ME6_C           | no               |(1829.36, 1557.7)
ME6_C           | no               |(1829.36, 1519.76)
ME5_C           | no               |(1829.36, 1557.7)
ME5_C           | no               |(1829.36, 1519.76)
ME4_C           | no               |(1829.36, 1557.7)
ME4_C           | no               |(1829.36, 1519.76)
ME3_C           | no               |(1829.36, 1557.7)
ME3_C           | no               |(1829.36, 1519.76)
ME2_C           | no               |(1829.36, 1557.7)
ME2_C           | no               |(1829.36, 1519.76)
ME1_C           | no               |(1829.36, 1557.7)
ME1_C           | no               |(1829.36, 1519.76)
ME6_C           | no               |(1829.36, 340.643)
ME6_C           | no               |(1829.36, 302.696)
ME5_C           | no               |(1829.36, 340.643)
ME5_C           | no               |(1829.36, 302.696)
ME4_C           | no               |(1829.36, 340.643)
ME4_C           | no               |(1829.36, 302.696)
ME3_C           | no               |(1829.36, 340.643)
ME3_C           | no               |(1829.36, 302.696)
ME2_C           | no               |(1829.36, 340.643)
ME2_C           | no               |(1829.36, 302.696)
ME1_C           | no               |(1829.36, 340.643)
ME1_C           | no               |(1829.36, 302.696)
ME6_C           | no               |(1647.4, 1.5)
ME6_C           | no               |(1609.46, 1.5)
ME5_C           | no               |(1647.4, 1.5)
ME5_C           | no               |(1609.46, 1.5)
ME4_C           | no               |(1647.4, 1.5)
ME4_C           | no               |(1609.46, 1.5)
ME3_C           | no               |(1647.4, 1.5)
ME3_C           | no               |(1609.46, 1.5)
ME2_C           | no               |(1647.4, 1.5)
ME2_C           | no               |(1609.46, 1.5)
ME1_C           | no               |(1647.4, 1.5)
ME1_C           | no               |(1609.46, 1.5)
ME6_C           | no               |(430.343, 1.5)
ME6_C           | no               |(392.396, 1.5)
ME5_C           | no               |(430.343, 1.5)
ME5_C           | no               |(392.396, 1.5)
ME4_C           | no               |(430.343, 1.5)
ME4_C           | no               |(392.396, 1.5)
ME3_C           | no               |(430.343, 1.5)
ME3_C           | no               |(392.396, 1.5)
ME2_C           | no               |(430.343, 1.5)
ME2_C           | no               |(392.396, 1.5)
ME1_C           | no               |(430.343, 1.5)
ME1_C           | no               |(392.396, 1.5)
ME6_C           | no               |(1.5, 1519.76)
ME6_C           | no               |(1.5, 1557.7)
ME5_C           | no               |(1.5, 1519.76)
ME5_C           | no               |(1.5, 1557.7)
ME4_C           | no               |(1.5, 1519.76)
ME4_C           | no               |(1.5, 1557.7)
ME3_C           | no               |(1.5, 1519.76)
ME3_C           | no               |(1.5, 1557.7)
ME2_C           | no               |(1.5, 1519.76)
ME2_C           | no               |(1.5, 1557.7)
ME1_C           | no               |(1.5, 1519.76)
ME1_C           | no               |(1.5, 1557.7)
ME6_C           | no               |(1.5, 583.557)
ME6_C           | no               |(1.5, 621.504)
ME5_C           | no               |(1.5, 583.557)
ME5_C           | no               |(1.5, 621.504)
ME4_C           | no               |(1.5, 583.557)
ME4_C           | no               |(1.5, 621.504)
ME3_C           | no               |(1.5, 583.557)
ME3_C           | no               |(1.5, 621.504)
ME2_C           | no               |(1.5, 583.557)
ME2_C           | no               |(1.5, 621.504)
ME1_C           | no               |(1.5, 583.557)
ME1_C           | no               |(1.5, 621.504)
ME6_C           | no               |(1609.46, 1739.66)
ME6_C           | no               |(1647.4, 1739.66)
ME5_C           | no               |(1609.46, 1739.66)
ME5_C           | no               |(1647.4, 1739.66)
ME4_C           | no               |(1609.46, 1739.66)
ME4_C           | no               |(1647.4, 1739.66)
ME3_C           | no               |(1609.46, 1739.66)
ME3_C           | no               |(1647.4, 1739.66)
ME2_C           | no               |(1609.46, 1739.66)
ME2_C           | no               |(1647.4, 1739.66)
ME1_C           | no               |(1609.46, 1739.66)
ME1_C           | no               |(1647.4, 1739.66)
ME6_C           | no               |(486.017, 1739.66)
ME6_C           | no               |(523.964, 1739.66)
ME5_C           | no               |(486.017, 1739.66)
ME5_C           | no               |(523.964, 1739.66)
ME4_C           | no               |(486.017, 1739.66)
ME4_C           | no               |(523.964, 1739.66)
ME3_C           | no               |(486.017, 1739.66)
ME3_C           | no               |(523.964, 1739.66)
ME2_C           | no               |(486.017, 1739.66)
ME2_C           | no               |(523.964, 1739.66)
ME1_C           | no               |(486.017, 1739.66)
ME1_C           | no               |(523.964, 1739.66)


* Weakly Connected Metal Segments

Layer      | Location (um)
------------------------------------------------------------------
ME3_C      | (1673, 1425.2)
ME3_C      | (1673, 1445.36)
ME3_C      | (1673, 1455.44)
ME3_C      | (1673, 1465.52)
ME3_C      | (1673, 902.8)
ME3_C      | (1673, 1002.8)
ME3_C      | (1673, 1102.8)
ME3_C      | (1673, 1202.8)
ME3_C      | (1673, 1302.8)
ME3_C      | (1673, 1402.8)
ME3_C      | (232.29, 1425.2)
ME3_C      | (232.29, 1445.36)
ME3_C      | (232.29, 1455.44)
ME3_C      | (232.29, 1465.52)
ME3_C      | (1673, 245.84)
ME3_C      | (1673, 255.92)
ME3_C      | (1673, 302.8)
ME3_C      | (1673, 402.8)
ME3_C      | (1673, 502.8)
ME3_C      | (1673, 602.8)
ME3_C      | (1673, 702.8)
ME3_C      | (1673, 802.8)
ME3_C      | (228.47, 509.88)
ME3_C      | (232.29, 487.76)
ME3_C      | (232.29, 497.84)
ME3_C      | (232.29, 518)
ME3_C      | (232.29, 528.08)
ME3_C      | (402.56, 240.97)
ME4_C      | (302.56, 240.97)
ME1_C      | (523.964, 1739.66)
ME1_C      | (486.017, 1739.66)
ME2_C      | (523.964, 1739.66)
ME2_C      | (486.017, 1739.66)
ME3_C      | (523.964, 1739.66)
ME3_C      | (486.017, 1739.66)
ME4_C      | (523.964, 1739.66)
ME4_C      | (486.017, 1739.66)
ME5_C      | (523.964, 1739.66)
ME5_C      | (486.017, 1739.66)
ME1_C      | (1647.4, 1739.66)
ME1_C      | (1609.46, 1739.66)
ME2_C      | (1647.4, 1739.66)
ME2_C      | (1609.46, 1739.66)
ME3_C      | (1647.4, 1739.66)
ME3_C      | (1609.46, 1739.66)
ME4_C      | (1647.4, 1739.66)
ME4_C      | (1609.46, 1739.66)
ME5_C      | (1647.4, 1739.66)
ME5_C      | (1609.46, 1739.66)
ME1_C      | (1.5, 621.504)
ME1_C      | (1.5, 583.557)
ME2_C      | (1.5, 621.504)
ME2_C      | (1.5, 583.557)
ME3_C      | (1.5, 621.504)
ME3_C      | (1.5, 583.557)
ME4_C      | (1.5, 621.504)
ME4_C      | (1.5, 583.557)
ME5_C      | (1.5, 621.504)
ME5_C      | (1.5, 583.557)
ME1_C      | (1.5, 1557.7)
ME1_C      | (1.5, 1519.76)
ME2_C      | (1.5, 1557.7)
ME2_C      | (1.5, 1519.76)
ME3_C      | (1.5, 1557.7)
ME3_C      | (1.5, 1519.76)
ME4_C      | (1.5, 1557.7)
ME4_C      | (1.5, 1519.76)
ME5_C      | (1.5, 1557.7)
ME5_C      | (1.5, 1519.76)
ME1_C      | (392.396, 1.5)
ME1_C      | (430.343, 1.5)
ME2_C      | (392.396, 1.5)
ME2_C      | (430.343, 1.5)
ME3_C      | (392.396, 1.5)
ME3_C      | (430.343, 1.5)
ME4_C      | (392.396, 1.5)
ME4_C      | (430.343, 1.5)
ME5_C      | (392.396, 1.5)
ME5_C      | (430.343, 1.5)
ME1_C      | (1609.46, 1.5)
ME1_C      | (1647.4, 1.5)
ME2_C      | (1609.46, 1.5)
ME2_C      | (1647.4, 1.5)
ME3_C      | (1609.46, 1.5)
ME3_C      | (1647.4, 1.5)
ME4_C      | (1609.46, 1.5)
ME4_C      | (1647.4, 1.5)
ME5_C      | (1609.46, 1.5)
ME5_C      | (1647.4, 1.5)
ME1_C      | (1829.36, 302.696)
ME1_C      | (1829.36, 340.643)
ME2_C      | (1829.36, 302.696)
ME2_C      | (1829.36, 340.643)
ME3_C      | (1829.36, 302.696)
ME3_C      | (1829.36, 340.643)
ME4_C      | (1829.36, 302.696)
ME4_C      | (1829.36, 340.643)
ME5_C      | (1829.36, 302.696)
ME5_C      | (1829.36, 340.643)
ME1_C      | (1829.36, 1519.76)
ME1_C      | (1829.36, 1557.7)
ME2_C      | (1829.36, 1519.76)
ME2_C      | (1829.36, 1557.7)
ME3_C      | (1829.36, 1519.76)
ME3_C      | (1829.36, 1557.7)
ME4_C      | (1829.36, 1519.76)
ME4_C      | (1829.36, 1557.7)
ME5_C      | (1829.36, 1519.76)
ME5_C      | (1829.36, 1557.7)

Found 109 weakly connected metal segments



* Dropped Voltage Sources

