Voltage source current:
      Range  Source       Source        Location    Layer
      Index  Current      Name          (um)
      -----  --------     -------------------------------
         3    1.8207e-04A   GNDvsrc24   1692.11, 1518.78  ME1_C
         5    1.2727e-04A   GNDvsrc18   1692.11, 1538.73  ME1_C
         6    9.9039e-05A   GNDvsrc12   1692.11, 1558.68  ME1_C
         3    1.8596e-04A   GNDvsrc108   138.75, 1518.78  ME1_C
         4    1.3789e-04A   GNDvsrc114   138.75, 1538.73  ME1_C
         5    1.2311e-04A   GNDvsrc120   138.75, 1558.68  ME1_C
         3    1.8596e-04A   GNDvsrc132   138.75, 582.58  ME1_C
         3    1.9627e-04A   GNDvsrc138   138.75, 602.53  ME1_C
         1    2.3816e-04A   GNDvsrc144   138.75, 622.48  ME1_C
         5    1.1074e-04A   GNDvsrc48   1692.11, 301.72  ME1_C
         5    1.2731e-04A   GNDvsrc42   1692.11, 321.67  ME1_C
         3    1.7854e-04A   GNDvsrc36   1692.11, 341.62  ME1_C
         3    1.9252e-04A   GNDvsrc179   485.04, 1602.41  ME2_C
         1    2.6444e-04A   GNDvsrc191   524.94, 1602.41  ME2_C
         2    2.1032e-04A   GNDvsrc185   504.99, 1602.41  ME2_C
         6    9.9046e-05A   GNDvsrc95   391.42, 138.75  ME2_C
         6    9.8144e-05A   GNDvsrc89   411.37, 138.75  ME2_C
         5    1.2039e-04A   GNDvsrc83   431.32, 138.75  ME2_C
         3    1.7744e-04A   GNDvsrc153   1608.48, 1602.41  ME4_C
         4    1.3595e-04A   GNDvsrc159   1628.43, 1602.41  ME4_C
         5    1.1281e-04A   GNDvsrc165   1648.38, 1602.41  ME4_C
         6    9.5992e-05A   GNDvsrc69   1608.48, 138.75  ME4_C
         6    7.2599e-05A   GNDvsrc63   1628.43, 138.75  ME4_C
         7    6.5521e-05A   GNDvsrc57   1648.38, 138.75  ME4_C
         8   -0.0000e+00A   GNDvsrc180   485.04, 1603.54  ME1_C
         8   -0.0000e+00A   GNDvsrc186   504.99, 1603.54  ME1_C
         8   -0.0000e+00A   GNDvsrc192   524.94, 1603.54  ME1_C
         8   -0.0000e+00A   GNDvsrc174   504.99, 1739.66  ME1_C
         8   -0.0000e+00A   GNDvsrc173   504.99, 1739.66  ME2_C
         8   -0.0000e+00A   GNDvsrc178   485.04, 1603.54  ME3_C
         8   -0.0000e+00A   GNDvsrc184   504.99, 1603.54  ME3_C
         8   -0.0000e+00A   GNDvsrc190   524.94, 1603.54  ME3_C
         8   -0.0000e+00A   GNDvsrc172   504.99, 1739.66  ME3_C
         8   -0.0000e+00A   GNDvsrc177   485.04, 1603.54  ME4_C
         8   -0.0000e+00A   GNDvsrc183   504.99, 1603.54  ME4_C
         8   -0.0000e+00A   GNDvsrc189   524.94, 1603.54  ME4_C
         8   -0.0000e+00A   GNDvsrc171   504.99, 1739.66  ME4_C
         8   -0.0000e+00A   GNDvsrc176   485.04, 1603.54  ME5_C
         8   -0.0000e+00A   GNDvsrc182   504.99, 1603.54  ME5_C
         8   -0.0000e+00A   GNDvsrc188   524.94, 1603.54  ME5_C
         8   -0.0000e+00A   GNDvsrc170   504.99, 1739.66  ME5_C
         8   -0.0000e+00A   GNDvsrc175   485.04, 1603.54  ME6_C
         8   -0.0000e+00A   GNDvsrc181   504.99, 1603.54  ME6_C
         8   -0.0000e+00A   GNDvsrc187   524.94, 1603.54  ME6_C
         8   -0.0000e+00A   GNDvsrc169   504.99, 1739.66  ME6_C
         8   -0.0000e+00A   GNDvsrc156   1608.48, 1603.54  ME1_C
         8   -0.0000e+00A   GNDvsrc162   1628.43, 1603.54  ME1_C
         8   -0.0000e+00A   GNDvsrc168   1648.38, 1603.54  ME1_C
         8   -0.0000e+00A   GNDvsrc150   1628.43, 1739.66  ME1_C
         8   -0.0000e+00A   GNDvsrc155   1608.48, 1603.54  ME2_C
         8   -0.0000e+00A   GNDvsrc161   1628.43, 1603.54  ME2_C
         8   -0.0000e+00A   GNDvsrc167   1648.38, 1603.54  ME2_C
         8   -0.0000e+00A   GNDvsrc149   1628.43, 1739.66  ME2_C
         8   -0.0000e+00A   GNDvsrc154   1608.48, 1603.54  ME3_C
         8   -0.0000e+00A   GNDvsrc160   1628.43, 1603.54  ME3_C
         8   -0.0000e+00A   GNDvsrc166   1648.38, 1603.54  ME3_C
         8   -0.0000e+00A   GNDvsrc148   1628.43, 1739.66  ME3_C
         8   -0.0000e+00A   GNDvsrc147   1628.43, 1739.66  ME4_C
         8   -0.0000e+00A   GNDvsrc152   1608.48, 1603.54  ME5_C
         8   -0.0000e+00A   GNDvsrc158   1628.43, 1603.54  ME5_C
         8   -0.0000e+00A   GNDvsrc164   1648.38, 1603.54  ME5_C
         8   -0.0000e+00A   GNDvsrc146   1628.43, 1739.66  ME5_C
         8   -0.0000e+00A   GNDvsrc151   1608.48, 1603.54  ME6_C
         8   -0.0000e+00A   GNDvsrc157   1628.43, 1603.54  ME6_C
         8   -0.0000e+00A   GNDvsrc163   1648.38, 1603.54  ME6_C
         8   -0.0000e+00A   GNDvsrc145   1628.43, 1739.66  ME6_C
         8   -0.0000e+00A   GNDvsrc126   1.50, 602.53  ME1_C
         8   -0.0000e+00A   GNDvsrc131   137.62, 582.58  ME2_C
         8   -0.0000e+00A   GNDvsrc137   137.62, 602.53  ME2_C
         8   -0.0000e+00A   GNDvsrc143   137.62, 622.48  ME2_C
         8   -0.0000e+00A   GNDvsrc125   1.50, 602.53  ME2_C
         8   -0.0000e+00A   GNDvsrc130   137.62, 582.58  ME3_C
         8   -0.0000e+00A   GNDvsrc136   137.62, 602.53  ME3_C
         8   -0.0000e+00A   GNDvsrc142   137.62, 622.48  ME3_C
         8   -0.0000e+00A   GNDvsrc124   1.50, 602.53  ME3_C
         8   -0.0000e+00A   GNDvsrc129   137.62, 582.58  ME4_C
         8   -0.0000e+00A   GNDvsrc135   137.62, 602.53  ME4_C
         8   -0.0000e+00A   GNDvsrc141   137.62, 622.48  ME4_C
         8   -0.0000e+00A   GNDvsrc123   1.50, 602.53  ME4_C
         8   -0.0000e+00A   GNDvsrc128   137.62, 582.58  ME5_C
         8   -0.0000e+00A   GNDvsrc134   137.62, 602.53  ME5_C
         8   -0.0000e+00A   GNDvsrc140   137.62, 622.48  ME5_C
         8   -0.0000e+00A   GNDvsrc122   1.50, 602.53  ME5_C
         8   -0.0000e+00A   GNDvsrc127   137.62, 582.58  ME6_C
         8   -0.0000e+00A   GNDvsrc133   137.62, 602.53  ME6_C
         8   -0.0000e+00A   GNDvsrc139   137.62, 622.48  ME6_C
         8   -0.0000e+00A   GNDvsrc121   1.50, 602.53  ME6_C
         8   -0.0000e+00A   GNDvsrc102   1.50, 1538.73  ME1_C
         8   -0.0000e+00A   GNDvsrc107   137.62, 1518.78  ME2_C
         8   -0.0000e+00A   GNDvsrc113   137.62, 1538.73  ME2_C
         8   -0.0000e+00A   GNDvsrc119   137.62, 1558.68  ME2_C
         8   -0.0000e+00A   GNDvsrc101   1.50, 1538.73  ME2_C
         8   -0.0000e+00A   GNDvsrc106   137.62, 1518.78  ME3_C
         8   -0.0000e+00A   GNDvsrc112   137.62, 1538.73  ME3_C
         8   -0.0000e+00A   GNDvsrc118   137.62, 1558.68  ME3_C
         8   -0.0000e+00A   GNDvsrc100   1.50, 1538.73  ME3_C
         8   -0.0000e+00A   GNDvsrc105   137.62, 1518.78  ME4_C
         8   -0.0000e+00A   GNDvsrc111   137.62, 1538.73  ME4_C
         8   -0.0000e+00A   GNDvsrc117   137.62, 1558.68  ME4_C
         8   -0.0000e+00A   GNDvsrc99   1.50, 1538.73  ME4_C
         8   -0.0000e+00A   GNDvsrc104   137.62, 1518.78  ME5_C
         8   -0.0000e+00A   GNDvsrc110   137.62, 1538.73  ME5_C
         8   -0.0000e+00A   GNDvsrc116   137.62, 1558.68  ME5_C
         8   -0.0000e+00A   GNDvsrc98   1.50, 1538.73  ME5_C
         8   -0.0000e+00A   GNDvsrc103   137.62, 1518.78  ME6_C
         8   -0.0000e+00A   GNDvsrc109   137.62, 1538.73  ME6_C
         8   -0.0000e+00A   GNDvsrc115   137.62, 1558.68  ME6_C
         8   -0.0000e+00A   GNDvsrc97   1.50, 1538.73  ME6_C
         8   -0.0000e+00A   GNDvsrc84   431.32, 137.62  ME1_C
         8   -0.0000e+00A   GNDvsrc90   411.37, 137.62  ME1_C
         8   -0.0000e+00A   GNDvsrc96   391.42, 137.62  ME1_C
         8   -0.0000e+00A   GNDvsrc78   411.37, 1.50  ME1_C
         8   -0.0000e+00A   GNDvsrc77   411.37, 1.50  ME2_C
         8   -0.0000e+00A   GNDvsrc82   431.32, 137.62  ME3_C
         8   -0.0000e+00A   GNDvsrc88   411.37, 137.62  ME3_C
         8   -0.0000e+00A   GNDvsrc94   391.42, 137.62  ME3_C
         8   -0.0000e+00A   GNDvsrc76   411.37, 1.50  ME3_C
         8   -0.0000e+00A   GNDvsrc81   431.32, 137.62  ME4_C
         8   -0.0000e+00A   GNDvsrc87   411.37, 137.62  ME4_C
         8   -0.0000e+00A   GNDvsrc93   391.42, 137.62  ME4_C
         8   -0.0000e+00A   GNDvsrc75   411.37, 1.50  ME4_C
         8   -0.0000e+00A   GNDvsrc80   431.32, 137.62  ME5_C
         8   -0.0000e+00A   GNDvsrc86   411.37, 137.62  ME5_C
         8   -0.0000e+00A   GNDvsrc92   391.42, 137.62  ME5_C
         8   -0.0000e+00A   GNDvsrc74   411.37, 1.50  ME5_C
         8   -0.0000e+00A   GNDvsrc79   431.32, 137.62  ME6_C
         8   -0.0000e+00A   GNDvsrc85   411.37, 137.62  ME6_C
         8   -0.0000e+00A   GNDvsrc91   391.42, 137.62  ME6_C
         8   -0.0000e+00A   GNDvsrc73   411.37, 1.50  ME6_C
         8   -0.0000e+00A   GNDvsrc60   1648.38, 137.62  ME1_C
         8   -0.0000e+00A   GNDvsrc66   1628.43, 137.62  ME1_C
         8   -0.0000e+00A   GNDvsrc72   1608.48, 137.62  ME1_C
         8   -0.0000e+00A   GNDvsrc54   1628.43, 1.50  ME1_C
         8   -0.0000e+00A   GNDvsrc59   1648.38, 137.62  ME2_C
         8   -0.0000e+00A   GNDvsrc65   1628.43, 137.62  ME2_C
         8   -0.0000e+00A   GNDvsrc71   1608.48, 137.62  ME2_C
         8   -0.0000e+00A   GNDvsrc53   1628.43, 1.50  ME2_C
         8   -0.0000e+00A   GNDvsrc58   1648.38, 137.62  ME3_C
         8   -0.0000e+00A   GNDvsrc64   1628.43, 137.62  ME3_C
         8   -0.0000e+00A   GNDvsrc70   1608.48, 137.62  ME3_C
         8   -0.0000e+00A   GNDvsrc52   1628.43, 1.50  ME3_C
         8   -0.0000e+00A   GNDvsrc51   1628.43, 1.50  ME4_C
         8   -0.0000e+00A   GNDvsrc56   1648.38, 137.62  ME5_C
         8   -0.0000e+00A   GNDvsrc62   1628.43, 137.62  ME5_C
         8   -0.0000e+00A   GNDvsrc68   1608.48, 137.62  ME5_C
         8   -0.0000e+00A   GNDvsrc50   1628.43, 1.50  ME5_C
         8   -0.0000e+00A   GNDvsrc55   1648.38, 137.62  ME6_C
         8   -0.0000e+00A   GNDvsrc61   1628.43, 137.62  ME6_C
         8   -0.0000e+00A   GNDvsrc67   1608.48, 137.62  ME6_C
         8   -0.0000e+00A   GNDvsrc49   1628.43, 1.50  ME6_C
         8   -0.0000e+00A   GNDvsrc30   1829.36, 321.67  ME1_C
         8   -0.0000e+00A   GNDvsrc35   1693.24, 341.62  ME2_C
         8   -0.0000e+00A   GNDvsrc41   1693.24, 321.67  ME2_C
         8   -0.0000e+00A   GNDvsrc47   1693.24, 301.72  ME2_C
         8   -0.0000e+00A   GNDvsrc29   1829.36, 321.67  ME2_C
         8   -0.0000e+00A   GNDvsrc34   1693.24, 341.62  ME3_C
         8   -0.0000e+00A   GNDvsrc40   1693.24, 321.67  ME3_C
         8   -0.0000e+00A   GNDvsrc46   1693.24, 301.72  ME3_C
         8   -0.0000e+00A   GNDvsrc28   1829.36, 321.67  ME3_C
         8   -0.0000e+00A   GNDvsrc33   1693.24, 341.62  ME4_C
         8   -0.0000e+00A   GNDvsrc39   1693.24, 321.67  ME4_C
         8   -0.0000e+00A   GNDvsrc45   1693.24, 301.72  ME4_C
         8   -0.0000e+00A   GNDvsrc27   1829.36, 321.67  ME4_C
         8   -0.0000e+00A   GNDvsrc32   1693.24, 341.62  ME5_C
         8   -0.0000e+00A   GNDvsrc38   1693.24, 321.67  ME5_C
         8   -0.0000e+00A   GNDvsrc44   1693.24, 301.72  ME5_C
         8   -0.0000e+00A   GNDvsrc26   1829.36, 321.67  ME5_C
         8   -0.0000e+00A   GNDvsrc31   1693.24, 341.62  ME6_C
         8   -0.0000e+00A   GNDvsrc37   1693.24, 321.67  ME6_C
         8   -0.0000e+00A   GNDvsrc43   1693.24, 301.72  ME6_C
         8   -0.0000e+00A   GNDvsrc25   1829.36, 321.67  ME6_C
         8   -0.0000e+00A   GNDvsrc6   1829.36, 1538.73  ME1_C
         8   -0.0000e+00A   GNDvsrc11   1693.24, 1558.68  ME2_C
         8   -0.0000e+00A   GNDvsrc17   1693.24, 1538.73  ME2_C
         8   -0.0000e+00A   GNDvsrc23   1693.24, 1518.78  ME2_C
         8   -0.0000e+00A   GNDvsrc5   1829.36, 1538.73  ME2_C
         8   -0.0000e+00A   GNDvsrc10   1693.24, 1558.68  ME3_C
         8   -0.0000e+00A   GNDvsrc16   1693.24, 1538.73  ME3_C
         8   -0.0000e+00A   GNDvsrc22   1693.24, 1518.78  ME3_C
         8   -0.0000e+00A   GNDvsrc4   1829.36, 1538.73  ME3_C
         8   -0.0000e+00A   GNDvsrc9   1693.24, 1558.68  ME4_C
         8   -0.0000e+00A   GNDvsrc15   1693.24, 1538.73  ME4_C
         8   -0.0000e+00A   GNDvsrc21   1693.24, 1518.78  ME4_C
         8   -0.0000e+00A   GNDvsrc3   1829.36, 1538.73  ME4_C
         8   -0.0000e+00A   GNDvsrc8   1693.24, 1558.68  ME5_C
         8   -0.0000e+00A   GNDvsrc14   1693.24, 1538.73  ME5_C
         8   -0.0000e+00A   GNDvsrc20   1693.24, 1518.78  ME5_C
         8   -0.0000e+00A   GNDvsrc2   1829.36, 1538.73  ME5_C
         8   -0.0000e+00A   GNDvsrc7   1693.24, 1558.68  ME6_C
         8   -0.0000e+00A   GNDvsrc13   1693.24, 1538.73  ME6_C
         8   -0.0000e+00A   GNDvsrc19   1693.24, 1518.78  ME6_C
         8   -0.0000e+00A   GNDvsrc1   1829.36, 1538.73  ME6_C
*
* Data filtering results for voltage source current:
  Minimum, Average, Maximum Voltage Source Current: 0.000A, 18.425uA, 0.264mA
  Total Current: 3.538mA
    Range 1(   0.231mA  -     0.264mA ):         2 (  1.04%)
    Range 2(   0.198mA  -     0.231mA ):         1 (  0.52%)
    Range 3(   0.165mA  -     0.198mA ):         7 (  3.65%)
    Range 4(   0.132mA  -     0.165mA ):         2 (  1.04%)
    Range 5(  99.165uA  -     0.132mA ):         6 (  3.12%)
    Range 6(  66.110uA  -    99.165uA ):         5 (  2.60%)
    Range 7(  33.055uA  -    66.110uA ):         1 (  0.52%)
    Range 8(    0.000A  -    33.055uA ):       168 ( 87.50%)
