                     Cell Name |     Power-Grid View |      Number of Instances
-------------------------------------------------------------------------------
                           AN2 |             StdCell |                       24
                         AN2B1 |             StdCell |                       53
                        AN2B1P |             StdCell |                       26
                        AN2B1S |             StdCell |                      108
                        AN2B1T |             StdCell |                        6
                          AN2P |             StdCell |                        2
                          AN2S |             StdCell |                      102
                          AN2T |             StdCell |                        1
                         AN3B2 |             StdCell |                        3
                        AN3B2P |             StdCell |                        2
                        AN3B2S |             StdCell |                       18
                        AN3B2T |             StdCell |                        1
                          AN3P |             StdCell |                        1
                          AN3S |             StdCell |                        2
                          AN3T |             StdCell |                        2
                         AN4B1 |             StdCell |                       17
                        AN4B1S |             StdCell |                      496
                          AN4S |             StdCell |                        8
                         AO112 |             StdCell |                        4
                        AO112S |             StdCell |                       11
                         AO12S |             StdCell |                      103
                          AO22 |             StdCell |                        7
                         AO22S |             StdCell |                       13
                       AOI12HS |             StdCell |                        9
                        AOI13H |             StdCell |                        3
                       AOI13HS |             StdCell |                      706
                        AOI22H |             StdCell |                       57
                        AOI22S |             StdCell |                     6150
                          BUF1 |             StdCell |                      643
                       BUF12CK |             StdCell |                        1
                        BUF1CK |             StdCell |                        1
                         BUF1S |             StdCell |                       10
                          BUF2 |             StdCell |                      260
                          BUF3 |             StdCell |                       66
                          BUF4 |             StdCell |                       25
                          BUF6 |             StdCell |                       18
                           FA1 |             StdCell |                      112
                          FA1P |             StdCell |                        3
                          FA1S |             StdCell |                       19
                       FILLER1 |             StdCell |                    12884
                      FILLER16 |             StdCell |                     3608
                       FILLER2 |             StdCell |                    13081
                      FILLER32 |             StdCell |                      641
                       FILLER4 |             StdCell |                    13201
                      FILLER64 |             StdCell |                     2021
                       FILLER8 |             StdCell |                    12491
                          INV1 |             StdCell |                        1
                       INV12CK |             StdCell |                       16
                         INV1S |             StdCell |                     1712
                          INV2 |             StdCell |                      660
                        INV2CK |             StdCell |                        2
                          INV3 |             StdCell |                      112
                        INV3CK |             StdCell |                        1
                          INV4 |             StdCell |                       30
                        INV4CK |             StdCell |                        3
                          INV6 |             StdCell |                        8
                        INV6CK |             StdCell |                        6
                          INV8 |             StdCell |                        5
                        INV8CK |             StdCell |                       10
                        MAO222 |             StdCell |                      144
                       MAO222P |             StdCell |                        9
                       MAO222S |             StdCell |                       14
                         MAOI1 |             StdCell |                        1
                        MAOI1S |             StdCell |                       10
                         MOAI1 |             StdCell |                      278
                        MOAI1H |             StdCell |                       17
                        MOAI1S |             StdCell |                     3744
                          MUX2 |             StdCell |                        3
                        MXL2HS |             StdCell |                       11
                           ND2 |             StdCell |                      245
                          ND2P |             StdCell |                      106
                          ND2S |             StdCell |                     1692
                          ND2T |             StdCell |                        3
                           ND3 |             StdCell |                      247
                         ND3HT |             StdCell |                        9
                          ND3P |             StdCell |                       40
                          ND3S |             StdCell |                     1608
                           NR2 |             StdCell |                     2291
                          NR2F |             StdCell |                        1
                          NR2P |             StdCell |                      534
                          NR2T |             StdCell |                       13
                           NR3 |             StdCell |                      936
                          NR3H |             StdCell |                       49
                         NR3HP |             StdCell |                       10
                         NR3HT |             StdCell |                        2
                          NR4S |             StdCell |                        9
                        OA112S |             StdCell |                        6
                          OA12 |             StdCell |                       13
                         OA12P |             StdCell |                        1
                         OA12S |             StdCell |                       33
                         OA13S |             StdCell |                        9
                          OA22 |             StdCell |                        1
                         OA22S |             StdCell |                        6
                       OAI112H |             StdCell |                       34
                      OAI112HP |             StdCell |                        1
                      OAI112HS |             StdCell |                      974
                       OAI12HS |             StdCell |                        9
                        OAI22H |             StdCell |                        2
                        OAI22S |             StdCell |                      570
                           OR2 |             StdCell |                       38
                         OR2B1 |             StdCell |                        7
                        OR2B1P |             StdCell |                        1
                        OR2B1S |             StdCell |                       36
                          OR2S |             StdCell |                       59
                           OR3 |             StdCell |                       12
                        OR3B1S |             StdCell |                       15
                         OR3B2 |             StdCell |                        8
                        OR3B2P |             StdCell |                        4
                        OR3B2S |             StdCell |                       17
                          OR3P |             StdCell |                       10
                          OR3S |             StdCell |                       29
                       QDFFRBN |             StdCell |                      234
                       QDFFRBP |             StdCell |                       16
                       QDFFRBS |             StdCell |                      451
                          TIE1 |             StdCell |                        1
                         VCCKD |               Early |                        8
                        XNR2HS |             StdCell |                        3
                        XOR2HS |             StdCell |                        2
                          XOR3 |             StdCell |                        3
                         XOR3P |             StdCell |                        1
